{"level":"warn","message":"¡Alerta!"}
{"level":"warn","message":"¡Alerta!, warning ejecutandose"}
warning: ¡Alerta!, warning ejecutandose
warning: ¡Alerta!, warning ejecutandose
fatal: ¡Alerta!, Error fatal producido
warning: ¡Alerta!, warning ejecutandose
fatal: ¡Alerta!, Error fatal producido
error: ¡Alerta!, error del programa
fatal: ¡Alerta!, Error fatal producido
error: ¡Alerta!, error del programa
fatal: ¡Alerta!, Error fatal producido
error: ¡Alerta!, error del programa
error: undefined
error: undefined
error: Error al obtener el usuario: this.dao.find is not a function
error: Error al obtener el usuario: this.dao.find is not a function
error: Error al intentar actualizar el usuario this.dao.findByIdAndUpdate is not a function
error: undefined
error: undefined
error: Error al obtener el usuario: this.dao.find is not a function
error: Error al obtener el usuario: this.dao.find is not a function
error: undefined {"code":"ERR_HTTP_HEADERS_SENT"}
error: undefined {"code":"ERR_HTTP_HEADERS_SENT"}
error: Error al intentar actualizar el usuario Cast to ObjectId failed for value "{ _id: { _id: '65d68a2b25f4e831bb64526e' } }" (type Object) at path "_id" for model "users"
error: Error al intentar actualizar el usuario Plan executor error during findAndModify :: caused by :: E11000 duplicate key error collection: ecommerce.users index: username_1 dup key: { username: "manuRiver66" }
error: undefined {"kind":"ObjectId","path":"_id","reason":{},"stringValue":"\"{ _id: { _id: '6642e0d38398587ce5134837' } }\"","value":{"_id":{"_id":"6642e0d38398587ce5134837"}},"valueType":"Object"}
error: undefined {"code":11000,"index":0,"keyPattern":{"email":1},"keyValue":{"email":"lucas@hotmail.com"}}
error: Hay un problema al intentar eliminar el usuario seleccionado Cast to ObjectId failed for value "{ _id: 'luquitas14' }" (type Object) at path "_id" for model "users"
error: undefined {"code":"ERR_HTTP_HEADERS_SENT"}
error: undefined {"code":"ERR_HTTP_HEADERS_SENT"}
error: undefined
error: Cannot read properties of null (reading 'first_name')
error: Hay un problema al intentar eliminar el usuario seleccionado uid is not defined
error: Hay un problema al intentar eliminar el usuario seleccionado Cast to ObjectId failed for value "{ username: 'luquitas14' }" (type Object) at path "_id" for model "users"
error: Hay un problema al intentar eliminar el usuario seleccionado Cast to ObjectId failed for value "luquitas14" (type string) at path "_id" for model "users"
error: undefined {"code":11000,"index":0,"keyPattern":{"email":1},"keyValue":{"email":"lucas@hotmail.com"}}
error: undefined {"code":11000,"index":0,"keyPattern":{"email":1},"keyValue":{"email":"lucas@hotmail.com"}}
error: Se produjo un error al intentar agregar el producto E11000 duplicate key error collection: ecommerce.products index: code_1 dup key: { code: "abc123458296" }
error: Se produjo un error al intentar agregar el producto Error trying to create product
error: Se produjo un error al intentar agregar el producto Error trying to create product
error: undefined
error: Se produjo un error desconocido al intentar encontrar el producto seleccionado Cast to ObjectId failed for value "{ _id: '65b08cb1113103b1dc5786e' }" (type Object) at path "_id" for model "products"
error: Error al intentar eliminar el producto:
error: Error al intentar eliminar el producto: Cast to ObjectId failed for value "{ _id: '6643bda399582d1fb5f1427' }" (type Object) at path "_id" for model "products"
error: Error al intentar actualizar la cantidad del producto en el carrito: "Cannot read properties of null (reading '_id')"
error: Error al intentar actualizar la cantidad del producto en el carrito: "Cannot read properties of null (reading '_id')"
error: Producto con ID 65b06681287939a370f000fb no se encuentra en el carrito.
error: Error al intentar eliminar el carrito:
error: undefined
error: undefined
error: las credenciales no coinciden, no se puede iniciar sesión
error: las credenciales no coinciden, no se puede iniciar sesión
error: Error en la creación del usuario: E11000 duplicate key error collection: ecommerce.users index: email_1 dup key: { email: "miltonriver66@gmail.com" }
error: Error en la creación del usuario: E11000 duplicate key error collection: ecommerce.users index: email_1 dup key: { email: "miltonriver66@gmail.com" }
error: undefined
error: undefined
error: Error al intentar obtener la lista de productos en tiempo real:  Cannot read properties of undefined (reading 'map') {"stack":"TypeError: Cannot read properties of undefined (reading 'map')\n    at realTimeProducts (file:///G:/Mis_cursos/DesafiosEntregablesBackEnd/Desafios_atrasados/src/controllers/views.router.controller.js:95:53)\n    at processTicksAndRejections (node:internal/process/task_queues:95:5)"}
error: Error al intentar obtener la lista de productos en tiempo real:  Cannot access 'productsStringIds' before initialization {"stack":"ReferenceError: Cannot access 'productsStringIds' before initialization\n    at file:///G:/Mis_cursos/DesafiosEntregablesBackEnd/Desafios_atrasados/src/controllers/views.router.controller.js:97:78\n    at Array.map (<anonymous>)\n    at realTimeProducts (file:///G:/Mis_cursos/DesafiosEntregablesBackEnd/Desafios_atrasados/src/controllers/views.router.controller.js:94:48)\n    at processTicksAndRejections (node:internal/process/task_queues:95:5)"}
error: Error al intentar loguearse: 
error: las credenciales no coinciden, no se puede iniciar sesión
error: Error al crear el usuario:  users validation failed: role: `user_p` is not a valid enum value for path `role`. {"_message":"users validation failed","errors":{"role":{"kind":"enum","message":"`user_p` is not a valid enum value for path `role`.","name":"ValidatorError","path":"role","properties":{"enumValues":["user","user_premiun","admin"],"message":"`user_p` is not a valid enum value for path `role`.","path":"role","type":"enum","value":"user_p"},"value":"user_p"}},"stack":"ValidationError: users validation failed: role: `user_p` is not a valid enum value for path `role`.\n    at model.Document.invalidate (G:\\Mis_cursos\\DesafiosEntregablesBackEnd\\Desafios_atrasados\\node_modules\\mongoose\\lib\\document.js:3201:32)\n    at G:\\Mis_cursos\\DesafiosEntregablesBackEnd\\Desafios_atrasados\\node_modules\\mongoose\\lib\\document.js:2994:17\n    at G:\\Mis_cursos\\DesafiosEntregablesBackEnd\\Desafios_atrasados\\node_modules\\mongoose\\lib\\schemaType.js:1370:9\n    at processTicksAndRejections (node:internal/process/task_queues:77:11)"}
error: Error al crear el usuario:  users validation failed: role: `user_` is not a valid enum value for path `role`. {"_message":"users validation failed","errors":{"role":{"kind":"enum","message":"`user_` is not a valid enum value for path `role`.","name":"ValidatorError","path":"role","properties":{"enumValues":["user","user_premiun","admin"],"message":"`user_` is not a valid enum value for path `role`.","path":"role","type":"enum","value":"user_"},"value":"user_"}},"stack":"ValidationError: users validation failed: role: `user_` is not a valid enum value for path `role`.\n    at model.Document.invalidate (G:\\Mis_cursos\\DesafiosEntregablesBackEnd\\Desafios_atrasados\\node_modules\\mongoose\\lib\\document.js:3201:32)\n    at G:\\Mis_cursos\\DesafiosEntregablesBackEnd\\Desafios_atrasados\\node_modules\\mongoose\\lib\\document.js:2994:17\n    at G:\\Mis_cursos\\DesafiosEntregablesBackEnd\\Desafios_atrasados\\node_modules\\mongoose\\lib\\schemaType.js:1370:9\n    at processTicksAndRejections (node:internal/process/task_queues:77:11)"}
error: Error al crear el usuario:  users validation failed: role: `use` is not a valid enum value for path `role`. {"_message":"users validation failed","errors":{"role":{"kind":"enum","message":"`use` is not a valid enum value for path `role`.","name":"ValidatorError","path":"role","properties":{"enumValues":["user","user_premiun","admin"],"message":"`use` is not a valid enum value for path `role`.","path":"role","type":"enum","value":"use"},"value":"use"}},"stack":"ValidationError: users validation failed: role: `use` is not a valid enum value for path `role`.\n    at model.Document.invalidate (G:\\Mis_cursos\\DesafiosEntregablesBackEnd\\Desafios_atrasados\\node_modules\\mongoose\\lib\\document.js:3201:32)\n    at G:\\Mis_cursos\\DesafiosEntregablesBackEnd\\Desafios_atrasados\\node_modules\\mongoose\\lib\\document.js:2994:17\n    at G:\\Mis_cursos\\DesafiosEntregablesBackEnd\\Desafios_atrasados\\node_modules\\mongoose\\lib\\schemaType.js:1370:9\n    at processTicksAndRejections (node:internal/process/task_queues:77:11)"}
